-------------------------------------------------------------------------------
Test set: com.crumbs.fss.FoodSearchServiceApplicationTests
-------------------------------------------------------------------------------
Tests run: 1, Failures: 0, Errors: 1, Skipped: 0, Time elapsed: 8 s <<< FAILURE! - in com.crumbs.fss.FoodSearchServiceApplicationTests
contextLoads  Time elapsed: 0.015 s  <<< ERROR!
java.lang.IllegalStateException: Failed to load ApplicationContext
Caused by: org.springframework.beans.factory.BeanCreationException: Error creating bean with name 'entityManagerFactory' defined in class path resource [org/springframework/boot/autoconfigure/orm/jpa/HibernateJpaConfiguration.class]: Invocation of init method failed; nested exception is javax.persistence.PersistenceException: [PersistenceUnit: default] Unable to build Hibernate SessionFactory; nested exception is org.hibernate.tool.schema.spi.SchemaManagementException: Schema-validation: wrong column type encountered in column [user_details_id] in table [admin]; found [int (Types#INTEGER)], but expecting [bigint (Types#BIGINT)]
Caused by: javax.persistence.PersistenceException: [PersistenceUnit: default] Unable to build Hibernate SessionFactory; nested exception is org.hibernate.tool.schema.spi.SchemaManagementException: Schema-validation: wrong column type encountered in column [user_details_id] in table [admin]; found [int (Types#INTEGER)], but expecting [bigint (Types#BIGINT)]
Caused by: org.hibernate.tool.schema.spi.SchemaManagementException: Schema-validation: wrong column type encountered in column [user_details_id] in table [admin]; found [int (Types#INTEGER)], but expecting [bigint (Types#BIGINT)]

