<?xml version="1.0" encoding="UTF-8"?>
<testsuite xmlns:xsi="http://www.w3.org/2001/XMLSchema-instance" xsi:noNamespaceSchemaLocation="https://maven.apache.org/surefire/maven-surefire-plugin/xsd/surefire-test-report.xsd" name="com.crumbs.fss.controller.MainControllerTest" time="1.65" tests="7" errors="0" skipped="0" failures="3">
  <properties>
[...]
</properties>
  <testcase name="getRestaurantOwnerRestaurants" classname="com.crumbs.fss.controller.MainControllerTest" time="0.235">
    <failure message="Status expected:&lt;200&gt; but was:&lt;404&gt;" type="java.lang.AssertionError"><![CDATA[java.lang.AssertionError: Status expected:<200> but was:<404>
	at com.crumbs.fss.controller.MainControllerTest.getRestaurantOwnerRestaurants(MainControllerTest.java:63)
]]></failure>
    <system-out><![CDATA[2021-06-22 04:29:51.239  INFO 13068 --- [           main] .b.t.a.w.s.WebMvcTestContextBootstrapper : Neither @ContextConfiguration nor @ContextHierarchy found for test class [com.crumbs.fss.controller.MainControllerTest], using SpringBootContextLoader
2021-06-22 04:29:51.241  INFO 13068 --- [           main] o.s.t.c.support.AbstractContextLoader    : Could not detect default resource locations for test class [com.crumbs.fss.controller.MainControllerTest]: no resource found for suffixes {-context.xml, Context.groovy}.
2021-06-22 04:29:51.241  INFO 13068 --- [           main] t.c.s.AnnotationConfigContextLoaderUtils : Could not detect default configuration classes for test class [com.crumbs.fss.controller.MainControllerTest]: MainControllerTest does not declare any static, non-private, non-final, nested classes annotated with @Configuration.
2021-06-22 04:29:51.286  INFO 13068 --- [           main] .b.t.c.SpringBootTestContextBootstrapper : Found @SpringBootConfiguration com.crumbs.fss.FoodSearchServiceApplication for test class com.crumbs.fss.controller.MainControllerTest
2021-06-22 04:29:51.287  INFO 13068 --- [           main] .b.t.a.w.s.WebMvcTestContextBootstrapper : Loaded default TestExecutionListener class names from location [META-INF/spring.factories]: [org.springframework.boot.test.mock.mockito.MockitoTestExecutionListener, org.springframework.boot.test.mock.mockito.ResetMocksTestExecutionListener, org.springframework.boot.test.autoconfigure.restdocs.RestDocsTestExecutionListener, org.springframework.boot.test.autoconfigure.web.client.MockRestServiceServerResetTestExecutionListener, org.springframework.boot.test.autoconfigure.web.servlet.MockMvcPrintOnlyOnFailureTestExecutionListener, org.springframework.boot.test.autoconfigure.web.servlet.WebDriverTestExecutionListener, org.springframework.boot.test.autoconfigure.webservices.client.MockWebServiceServerTestExecutionListener, org.springframework.test.context.web.ServletTestExecutionListener, org.springframework.test.context.support.DirtiesContextBeforeModesTestExecutionListener, org.springframework.test.context.event.ApplicationEventsTestExecutionListener, org.springframework.test.context.support.DependencyInjectionTestExecutionListener, org.springframework.test.context.support.DirtiesContextTestExecutionListener, org.springframework.test.context.transaction.TransactionalTestExecutionListener, org.springframework.test.context.jdbc.SqlScriptsTestExecutionListener, org.springframework.test.context.event.EventPublishingTestExecutionListener]
2021-06-22 04:29:51.288  INFO 13068 --- [           main] .b.t.a.w.s.WebMvcTestContextBootstrapper : Using TestExecutionListeners: [org.springframework.test.context.web.ServletTestExecutionListener@3bd7829b, org.springframework.test.context.support.DirtiesContextBeforeModesTestExecutionListener@4faccb34, org.springframework.test.context.event.ApplicationEventsTestExecutionListener@2cb4e4b1, org.springframework.boot.test.mock.mockito.MockitoTestExecutionListener@6e3552b0, org.springframework.boot.test.autoconfigure.SpringBootDependencyInjectionTestExecutionListener@6971c6b7, org.springframework.test.context.support.DirtiesContextTestExecutionListener@402d45c6, org.springframework.test.context.transaction.TransactionalTestExecutionListener@4b37b01e, org.springframework.test.context.jdbc.SqlScriptsTestExecutionListener@f53db1a, org.springframework.test.context.event.EventPublishingTestExecutionListener@6870e039, org.springframework.boot.test.mock.mockito.ResetMocksTestExecutionListener@42599b84, org.springframework.boot.test.autoconfigure.restdocs.RestDocsTestExecutionListener@34986491, org.springframework.boot.test.autoconfigure.web.client.MockRestServiceServerResetTestExecutionListener@2582e213, org.springframework.boot.test.autoconfigure.web.servlet.MockMvcPrintOnlyOnFailureTestExecutionListener@4a1cafb2, org.springframework.boot.test.autoconfigure.web.servlet.WebDriverTestExecutionListener@441798ce, org.springframework.boot.test.autoconfigure.webservices.client.MockWebServiceServerTestExecutionListener@335cd031]

  .   ____          _            __ _ _
 /\\ / ___'_ __ _ _(_)_ __  __ _ \ \ \ \
( ( )\___ | '_ | '_| | '_ \/ _` | \ \ \ \
 \\/  ___)| |_)| | | | | || (_| |  ) ) ) )
  '  |____| .__|_| |_|_| |_\__, | / / / /
 =========|_|==============|___/=/_/_/_/
 :: Spring Boot ::                (v2.4.5)

2021-06-22 04:29:51.329  INFO 13068 --- [           main] c.c.fss.controller.MainControllerTest    : Starting MainControllerTest using Java 16.0.1 on Jonathans-Air with PID 13068 (started by jonathan in /Users/jonathan/Desktop/RestaurantService)
2021-06-22 04:29:51.330  INFO 13068 --- [           main] c.c.fss.controller.MainControllerTest    : No active profile set, falling back to default profiles: default
2021-06-22 04:29:51.948  INFO 13068 --- [           main] o.s.s.concurrent.ThreadPoolTaskExecutor  : Initializing ExecutorService 'applicationTaskExecutor'
2021-06-22 04:29:52.132  INFO 13068 --- [           main] o.s.b.t.m.w.SpringBootMockServletContext : Initializing Spring TestDispatcherServlet ''
2021-06-22 04:29:52.132  INFO 13068 --- [           main] o.s.t.web.servlet.TestDispatcherServlet  : Initializing Servlet ''
2021-06-22 04:29:52.134  INFO 13068 --- [           main] o.s.t.web.servlet.TestDispatcherServlet  : Completed initialization in 2 ms
2021-06-22 04:29:52.161  INFO 13068 --- [           main] c.c.fss.controller.MainControllerTest    : Started MainControllerTest in 0.867 seconds (JVM running for 14.645)

MockHttpServletRequest:
      HTTP Method = GET
      Request URI = /restaurants/1
       Parameters = {}
          Headers = []
             Body = null
    Session Attrs = {}

Handler:
             Type = com.crumbs.fss.controller.MainController
           Method = com.crumbs.fss.controller.MainController#getRestaurant(Long)

Async:
    Async started = false
     Async result = null

Resolved Exception:
             Type = java.util.NoSuchElementException

ModelAndView:
        View name = null
             View = null
            Model = null

FlashMap:
       Attributes = null

MockHttpServletResponse:
           Status = 404
    Error message = null
          Headers = [Vary:"Origin", "Access-Control-Request-Method", "Access-Control-Request-Headers", Content-Type:"text/plain;charset=UTF-8", Content-Length:"16"]
     Content type = text/plain;charset=UTF-8
             Body = No value present
    Forwarded URL = null
   Redirected URL = null
          Cookies = []
]]></system-out>
  </testcase>
  <testcase name="addRestaurant" classname="com.crumbs.fss.controller.MainControllerTest" time="0.363"/>
  <testcase name="getMenuItems" classname="com.crumbs.fss.controller.MainControllerTest" time="0.015">
    <failure message="Status expected:&lt;200&gt; but was:&lt;404&gt;" type="java.lang.AssertionError"><![CDATA[java.lang.AssertionError: Status expected:<200> but was:<404>
	at com.crumbs.fss.controller.MainControllerTest.getMenuItems(MainControllerTest.java:48)
]]></failure>
    <system-out><![CDATA[
MockHttpServletRequest:
      HTTP Method = GET
      Request URI = /menuitems
       Parameters = {}
          Headers = [Content-Type:"application/json;charset=UTF-8"]
             Body = null
    Session Attrs = {}

Handler:
             Type = org.springframework.web.servlet.resource.ResourceHttpRequestHandler

Async:
    Async started = false
     Async result = null

Resolved Exception:
             Type = null

ModelAndView:
        View name = null
             View = null
            Model = null

FlashMap:
       Attributes = null

MockHttpServletResponse:
           Status = 404
    Error message = null
          Headers = [Vary:"Origin", "Access-Control-Request-Method", "Access-Control-Request-Headers"]
     Content type = null
             Body = 
    Forwarded URL = null
   Redirected URL = null
          Cookies = []
]]></system-out>
  </testcase>
  <testcase name="getRestaurantss" classname="com.crumbs.fss.controller.MainControllerTest" time="0.01"/>
  <testcase name="getRestaurants" classname="com.crumbs.fss.controller.MainControllerTest" time="0.017">
    <failure message="Status expected:&lt;200&gt; but was:&lt;404&gt;" type="java.lang.AssertionError"><![CDATA[java.lang.AssertionError: Status expected:<200> but was:<404>
	at com.crumbs.fss.controller.MainControllerTest.getRestaurants(MainControllerTest.java:41)
]]></failure>
    <system-out><![CDATA[
MockHttpServletRequest:
      HTTP Method = GET
      Request URI = /restaurants
       Parameters = {}
          Headers = [Content-Type:"application/json;charset=UTF-8"]
             Body = null
    Session Attrs = {}

Handler:
             Type = com.crumbs.fss.controller.MainController
           Method = com.crumbs.fss.controller.MainController#getRestaurants(Integer, String, String, String[])

Async:
    Async started = false
     Async result = null

Resolved Exception:
             Type = java.util.NoSuchElementException

ModelAndView:
        View name = null
             View = null
            Model = null

FlashMap:
       Attributes = null

MockHttpServletResponse:
           Status = 404
    Error message = null
          Headers = [Vary:"Origin", "Access-Control-Request-Method", "Access-Control-Request-Headers", Content-Type:"text/plain;charset=UTF-8", Content-Length:"16"]
     Content type = text/plain;charset=UTF-8
             Body = No value present
    Forwarded URL = null
   Redirected URL = null
          Cookies = []
]]></system-out>
  </testcase>
  <testcase name="deleteRestaurant" classname="com.crumbs.fss.controller.MainControllerTest" time="0.038"/>
  <testcase name="updateRestaurant" classname="com.crumbs.fss.controller.MainControllerTest" time="0.058"/>
</testsuite>